#
# There is insufficient memory for the Java Runtime Environment to continue.
# Native memory allocation (malloc) failed to allocate 1048576 bytes for AllocateHeap
# Possible reasons:
#   The system is out of physical RAM or swap space
#   The process is running with CompressedOops enabled, and the Java Heap may be blocking the growth of the native heap
# Possible solutions:
#   Reduce memory load on the system
#   Increase physical memory or swap space
#   Check if swap backing store is full
#   Decrease Java heap size (-Xmx/-Xms)
#   Decrease number of Java threads
#   Decrease Java thread stack sizes (-Xss)
#   Set larger code cache with -XX:ReservedCodeCacheSize=
#   JVM is running with Zero Based Compressed Oops mode in which the Java heap is
#     placed in the first 32GB address space. The Java Heap base address is the
#     maximum limit for the native heap growth. Please use -XX:HeapBaseMinAddress
#     to set the Java Heap base and to place the Java Heap above 32GB virtual address.
# This output file may be truncated or incomplete.
#
#  Out of Memory Error (memory/allocation.inline.hpp:61), pid=9088, tid=0x0000000000002efc
#
# JRE version:  (8.0_242-b01) (build )
# Java VM: OpenJDK 64-Bit Server VM (25.242-b01 mixed mode windows-amd64 compressed oops)
# Failed to write core dump. Minidumps are not enabled by default on client versions of Windows
#

---------------  T H R E A D  ---------------

Current thread (0x00000000024a2800):  JavaThread "Unknown thread" [_thread_in_vm, id=12028, stack(0x0000000002320000,0x0000000002420000)]

Stack: [0x0000000002320000,0x0000000002420000]
[error occurred during error reporting (printing stack bounds), id 0xc0000005]

Native frames: (J=compiled Java code, j=interpreted, Vv=VM code, C=native code)


---------------  P R O C E S S  ---------------

Java Threads: ( => current thread )

Other Threads:

=>0x00000000024a2800 (exited) JavaThread "Unknown thread" [_thread_in_vm, id=12028, stack(0x0000000002320000,0x0000000002420000)]

VM state:not at safepoint (normal execution)

VM Mutex/Monitor currently owned by a thread: None

heap address: 0x00000006c3400000, size: 4044 MB, Compressed Oops mode: Zero based, Oop shift amount: 3
Narrow klass base: 0x0000000000000000, Narrow klass shift: 3
Compressed class space size: 1073741824 Address: 0x00000007c0000000

Heap:
 PSYoungGen      total 75776K, used 1300K [0x000000076bc00000, 0x0000000771080000, 0x00000007c0000000)
  eden space 65024K, 2% used [0x000000076bc00000,0x000000076bd451f8,0x000000076fb80000)
  from space 10752K, 0% used [0x0000000770600000,0x0000000770600000,0x0000000771080000)
  to   space 10752K, 0% used [0x000000076fb80000,0x000000076fb80000,0x0000000770600000)
 ParOldGen       total 173568K, used 0K [0x00000006c3400000, 0x00000006cdd80000, 0x000000076bc00000)
  object space 173568K, 0% used [0x00000006c3400000,0x00000006c3400000,0x00000006cdd80000)
 Metaspace       used 779K, capacity 4480K, committed 4480K, reserved 1056768K
  class space    used 74K, capacity 384K, committed 384K, reserved 1048576K

Card table byte_map: [0x0000000011960000,0x0000000012150000] byte_map_base: 0x000000000e346000

Marking Bits: (ParMarkBitMap*) 0x000000006c49f030
 Begin Bits: [0x0000000012ea0000, 0x0000000016dd0000)
 End Bits:   [0x0000000016dd0000, 0x000000001ad00000)

Polling page: 0x0000000000ae0000

CodeCache: size=245760Kb used=328Kb max_used=328Kb free=245431Kb
 bounds [0x00000000025a0000, 0x0000000002810000, 0x00000000115a0000]
 total_blobs=57 nmethods=0 adapters=38
 compilation: enabled

Compilation events (0 events):
No events

GC Heap History (0 events):
No events

Deoptimization events (0 events):
No events

Classes redefined (0 events):
No events

Internal exceptions (0 events):
No events

Events (10 events):
Event: 0.042 loading class java/lang/Short
Event: 0.042 loading class java/lang/Short done
Event: 0.042 loading class java/lang/Integer
Event: 0.042 loading class java/lang/Integer done
Event: 0.042 loading class java/lang/Long
Event: 0.042 loading class java/lang/Long done
Event: 0.044 loading class java/lang/NullPointerException
Event: 0.044 loading class java/lang/NullPointerException done
Event: 0.044 loading class java/lang/ArithmeticException
Event: 0.044 loading class java/lang/ArithmeticException done


Dynamic libraries:
0x00007ff69a7d0000 - 0x00007ff69a801000 	C:\Program Files\Android\Android Studio\jre\bin\java.exe
0x00007ffeb3930000 - 0x00007ffeb3b25000 	C:\Windows\SYSTEM32\ntdll.dll
0x00007ffeb1bd0000 - 0x00007ffeb1c8d000 	C:\Windows\System32\KERNEL32.DLL
0x00007ffeb1660000 - 0x00007ffeb1927000 	C:\Windows\System32\KERNELBASE.dll
0x00007ffeb33d0000 - 0x00007ffeb347a000 	C:\Windows\System32\ADVAPI32.dll
0x00007ffeb1d60000 - 0x00007ffeb1dfe000 	C:\Windows\System32\msvcrt.dll
0x00007ffeb3830000 - 0x00007ffeb38cb000 	C:\Windows\System32\sechost.dll
0x00007ffeb1aa0000 - 0x00007ffeb1bc4000 	C:\Windows\System32\RPCRT4.dll
0x00007ffeb2510000 - 0x00007ffeb26b0000 	C:\Windows\System32\USER32.dll
0x00007ffeb13e0000 - 0x00007ffeb1402000 	C:\Windows\System32\win32u.dll
0x00007ffeb33a0000 - 0x00007ffeb33ca000 	C:\Windows\System32\GDI32.dll
0x00007ffeb1250000 - 0x00007ffeb1359000 	C:\Windows\System32\gdi32full.dll
0x00007ffeb14c0000 - 0x00007ffeb155d000 	C:\Windows\System32\msvcp_win.dll
0x00007ffeb1560000 - 0x00007ffeb1660000 	C:\Windows\System32\ucrtbase.dll
0x00007ffe94560000 - 0x00007ffe947fb000 	C:\Windows\WinSxS\amd64_microsoft.windows.common-controls_6595b64144ccf1df_6.0.19041.488_none_ca04af081b815d21\COMCTL32.dll
0x00007ffeb26b0000 - 0x00007ffeb26e0000 	C:\Windows\System32\IMM32.DLL
0x000000006c520000 - 0x000000006c5f2000 	C:\Program Files\Android\Android Studio\jre\jre\bin\msvcr100.dll
0x000000006bcd0000 - 0x000000006c51b000 	C:\Program Files\Android\Android Studio\jre\jre\bin\server\jvm.dll
0x00007ffeb38d0000 - 0x00007ffeb38d8000 	C:\Windows\System32\PSAPI.DLL
0x00007ffea9cf0000 - 0x00007ffea9d17000 	C:\Windows\SYSTEM32\WINMM.dll
0x00007ffea8830000 - 0x00007ffea8839000 	C:\Windows\SYSTEM32\WSOCK32.dll
0x00007ffea4190000 - 0x00007ffea419a000 	C:\Windows\SYSTEM32\VERSION.dll
0x00007ffeb3760000 - 0x00007ffeb37cb000 	C:\Windows\System32\WS2_32.dll
0x00007ffe958f0000 - 0x00007ffe958ff000 	C:\Program Files\Android\Android Studio\jre\jre\bin\verify.dll
0x00007ffe8f2c0000 - 0x00007ffe8f2e9000 	C:\Program Files\Android\Android Studio\jre\jre\bin\java.dll
0x00007ffe90960000 - 0x00007ffe90976000 	C:\Program Files\Android\Android Studio\jre\jre\bin\zip.dll

VM Arguments:
jvm_args: -Dorg.gradle.appname=gradlew 
java_command: org.gradle.wrapper.GradleWrapperMain -q -Ptarget-platform=android-x86 -Ptarget=C:\Users\Timur\Development\asia-waters-demo\lib\main.dart -Ptrack-widget-creation=true -Pfilesystem-scheme=org-dartlang-root -Pdart-defines=flutter.inspector.structuredErrors%3Dtrue assembleDebug
java_class_path (initial): C:\Users\Timur\Development\asia-waters-demo\android\\gradle\wrapper\gradle-wrapper.jar
Launcher Type: SUN_STANDARD

Environment Variables:
JAVA_HOME=C:\Program Files\Android\Android Studio\jre
CLASSPATH=C:\Users\Timur\Development\asia-waters-demo\android\\gradle\wrapper\gradle-wrapper.jar
PATH=C:\Windows\system32;C:\Windows;C:\Windows\System32\Wbem;C:\Windows\System32\WindowsPowerShell\v1.0\;C:\Windows\System32\OpenSSH\;C:\Program Files\Git\cmd;C:\Program Files\TortoiseGit\bin;C:\ProgramData\chocolatey\bin;C:\Users\Timur\AppData\Local\Microsoft\WindowsApps;C:\Users\Timur\AppData\Local\Programs\Microsoft VS Code\bin;C:\Development\flutter\bin;
USERNAME=Timur
OS=Windows_NT
PROCESSOR_IDENTIFIER=Intel64 Family 6 Model 142 Stepping 11, GenuineIntel



---------------  S Y S T E M  ---------------

OS: Windows 10.0 , 64 bit Build 19041 (10.0.19041.292)

CPU:total 8 (initial active 8) (4 cores per cpu, 2 threads per core) family 6 model 142 stepping 11, cmov, cx8, fxsr, mmx, sse, sse2, sse3, ssse3, sse4.1, sse4.2, popcnt, avx, avx2, aes, clmul, erms, 3dnowpref, lzcnt, ht, tsc, tscinvbit, bmi1, bmi2, adx

Memory: 4k page, physical 16563420k(3440732k free), swap 18660572k(5148k free)

vm_info: OpenJDK 64-Bit Server VM (25.242-b01) for windows-amd64 JRE (1.8.0_242-release-1644-b01), built by "builder" with MS VC++ 10.0 (VS2010)

time: Thu Oct 08 23:33:04 2020
timezone: Центральная Азия (зима)
elapsed time: 0 seconds (0d 0h 0m 0s)

